<?xml version="1.0" encoding="UTF-8"?>
<robot generator="Robot 2.6.3 (Jython 2.5.1 on java1.6.0_29)" generated="20120313 11:53:56.258">
<suite source="/Users/obartley/Projects/RobotMonkey/examples/ndtest/data" name="Data">
<doc/>
<metadata>
</metadata>
<suite source="/Users/obartley/Projects/RobotMonkey/examples/ndtest/data/feature.txt" name="Feature">
<doc/>
<metadata>
</metadata>
<test timeout="" name="Scenario 1">
<doc>Password login: positive case</doc>
<kw type="kw" timeout="" name="Given the login screen is displayed">
<doc/>
<arguments>
</arguments>
<msg timestamp="20120313 11:53:57.402" level="TRACE">Arguments: [  ]</msg>
<kw type="kw" timeout="" name="feature.The App Is Started">
<doc/>
<arguments>
</arguments>
<msg timestamp="20120313 11:53:57.407" level="TRACE">Arguments: [  ]</msg>
<msg timestamp="20120313 11:53:58.643" level="TRACE">Return: None</msg>
<status status="PASS" starttime="20120313 11:53:57.404" endtime="20120313 11:53:58.641"/>
</kw>
<kw type="kw" timeout="" name="feature.I Click">
<doc/>
<arguments>
<arg>Agree</arg>
</arguments>
<msg timestamp="20120313 11:53:58.651" level="TRACE">Arguments: [ u'Agree' ]</msg>
<msg timestamp="20120313 11:54:00.213" level="TRACE">Return: None</msg>
<status status="PASS" starttime="20120313 11:53:58.646" endtime="20120313 11:54:00.212"/>
</kw>
<kw type="kw" timeout="" name="feature.I Click">
<doc/>
<arguments>
<arg>Login</arg>
</arguments>
<msg timestamp="20120313 11:54:00.217" level="TRACE">Arguments: [ u'Login' ]</msg>
<msg timestamp="20120313 11:54:00.554" level="TRACE">Return: None</msg>
<status status="PASS" starttime="20120313 11:54:00.215" endtime="20120313 11:54:00.553"/>
</kw>
<msg timestamp="20120313 11:54:00.556" level="TRACE">Return: None</msg>
<status status="PASS" starttime="20120313 11:53:57.397" endtime="20120313 11:54:00.556"/>
</kw>
<kw type="kw" timeout="" name="feature.And the password tab is selected">
<doc/>
<arguments>
</arguments>
<msg timestamp="20120313 11:54:00.562" level="TRACE">Arguments: [  ]</msg>
<msg timestamp="20120313 11:54:01.473" level="TRACE">Return: None</msg>
<status status="PASS" starttime="20120313 11:54:00.560" endtime="20120313 11:54:01.472"/>
</kw>
<kw type="kw" timeout="" name="feature.When I enter the email address">
<doc/>
<arguments>
<arg>obartley@ebay.com</arg>
</arguments>
<msg timestamp="20120313 11:54:01.478" level="TRACE">Arguments: [ u'obartley@ebay.com' ]</msg>
<msg timestamp="20120313 11:54:04.305" level="TRACE">Return: None</msg>
<status status="PASS" starttime="20120313 11:54:01.476" endtime="20120313 11:54:04.304"/>
</kw>
<kw type="kw" timeout="" name="feature.And I enter the password">
<doc/>
<arguments>
<arg>Sup3rS3cr3t</arg>
</arguments>
<msg timestamp="20120313 11:54:04.310" level="TRACE">Arguments: [ u'Sup3rS3cr3t' ]</msg>
<msg timestamp="20120313 11:54:06.097" level="TRACE">Return: None</msg>
<status status="PASS" starttime="20120313 11:54:04.308" endtime="20120313 11:54:06.096"/>
</kw>
<kw type="kw" timeout="" name="feature.And I click">
<doc/>
<arguments>
<arg>the Log In button</arg>
</arguments>
<msg timestamp="20120313 11:54:06.102" level="TRACE">Arguments: [ u'the Log In button' ]</msg>
<msg timestamp="20120313 11:54:06.213" level="TRACE">Return: None</msg>
<status status="PASS" starttime="20120313 11:54:06.100" endtime="20120313 11:54:06.212"/>
</kw>
<kw type="kw" timeout="" name="feature.Then the account screen should be displayed">
<doc/>
<arguments>
</arguments>
<msg timestamp="20120313 11:54:06.218" level="TRACE">Arguments: [  ]</msg>
<msg timestamp="20120313 11:54:13.038" level="TRACE">Return: None</msg>
<status status="PASS" starttime="20120313 11:54:06.217" endtime="20120313 11:54:13.037"/>
</kw>
<tags>
<tag>final</tag>
</tags>
<status status="PASS" starttime="20120313 11:53:57.391" endtime="20120313 11:54:13.040" critical="yes"/>
</test>
<status status="PASS" starttime="20120313 11:53:56.544" endtime="20120313 11:54:13.043"/>
</suite>
<status status="PASS" starttime="20120313 11:53:56.261" endtime="20120313 11:54:13.046"/>
</suite>
<statistics>
<total>
<stat pass="1" fail="0">Critical Tests</stat>
<stat pass="1" fail="0">All Tests</stat>
</total>
<tag>
<stat info="critical" pass="1" doc="" combined="" fail="0" links="">final</stat>
</tag>
<suite>
<stat pass="1" idx="s1" fail="0" name="Data">Data</stat>
<stat pass="1" idx="s1-s1" fail="0" name="Feature">Data.Feature</stat>
</suite>
</statistics>
<errors>
</errors>
</robot>
